2018-04-05T09:39:59+00:00 - MERGED:
 - underscore - /wp-includes/js/underscore.min.js
 - customize-base - /wp-includes/js/customize-base.min.js - unminified version used
 - customize-preview - /wp-includes/js/customize-preview.min.js - unminified version used
 - tp-tools - http://localhost/razorbee/nagaraja/wp-content/plugins/revslider/public/assets/js/jquery.themepunch.tools.min.js
 - revmin - http://localhost/razorbee/nagaraja/wp-content/plugins/revslider/public/assets/js/jquery.themepunch.revolution.min.js
 - zilla-likes - http://localhost/razorbee/nagaraja/wp-content/plugins/tt-plugin/inc/post-likes/scripts/zilla-likes.js
 - wonderplugin-carousel-skins-script - http://localhost/razorbee/nagaraja/wp-content/plugins/wonderplugin-carousel/engine/wonderplugincarouselskins.js
 - wonderplugin-carousel-script - http://localhost/razorbee/nagaraja/wp-content/plugins/wonderplugin-carousel/engine/wonderplugincarousel.js
 - spin - http://localhost/razorbee/nagaraja/wp-content/plugins/slimjetpack/_inc/spin.js
 - jquery.spin - http://localhost/razorbee/nagaraja/wp-content/plugins/slimjetpack/_inc/jquery.spin.js
 - tiled-gallery - http://localhost/razorbee/nagaraja/wp-content/plugins/slimjetpack/modules/tiled-gallery/tiled-gallery/tiled-gallery.js
 - mediaelement - /wp-includes/js/mediaelement/mediaelement-and-player.min.js
 - wp-mediaelement - /wp-includes/js/mediaelement/wp-mediaelement.min.js - unminified version used
 - imagesloaded - /wp-includes/js/imagesloaded.min.js
 - masonry - /wp-includes/js/masonry.min.js
 - jquery-masonry - /wp-includes/js/jquery/jquery.masonry.min.js
 - comment-reply - /wp-includes/js/comment-reply.min.js - unminified version used
 - froogaloop - /wp-includes/js/mediaelement/froogaloop.min.js
 - wp-util - /wp-includes/js/wp-util.min.js - unminified version used
 - customize-selective-refresh - /wp-includes/js/customize-selective-refresh.min.js - unminified version used
 - customize-preview-widgets - /wp-includes/js/customize-preview-widgets.min.js - unminified version used
 - customize-preview-nav-menus - /wp-includes/js/customize-preview-nav-menus.min.js - unminified version used
2018-04-05T09:40:00+00:00 - COMPRESSING JS WITH CLOSURE
2018-04-05T09:40:05+00:00 - COMPRESSION FAILED
array(21) {
  [0]=>
  string(165) "/var/www/html/razorbee/nagaraja/wp-content/mmr/357291d1-1510971004.js:1934: ERROR - Object literal contains illegal duplicate key "height", disallowed in strict mode"
  [1]=>
  string(504) "navwidth:24,loop:0,transitionduration:1E3},testimonial:{width:360,height:270,skinsfoldername:"",arrowhideonmouseleave:1E3,itembottomshadowimagetop:99,donotcrop:false,navheight:12,random:false,showhoveroverlay:true,height:270,arrowheight:32,itembackgroundimagewidth:100,skin:"testimonial",responsive:true,bottomshadowimage:"bottomshadow-110-95-0.png",navstyle:"none",enabletouchswipe:true,backgroundimagetop:-40,arrowstyle:"mouseover",bottomshadowimagetop:95,transitionduration:1E3,lightboxshowtitle:true,"
  [2]=>
  string(220) "                                                                                                                                                                                                                      ^^^^^^"
  [3]=>
  string(0) ""
  [4]=>
  string(164) "/var/www/html/razorbee/nagaraja/wp-content/mmr/357291d1-1510971004.js:1935: ERROR - Object literal contains illegal duplicate key "width", disallowed in strict mode"
  [5]=>
  string(507) "hoveroverlayimage:"hoveroverlay-64-64-5.png",itembottomshadowimage:"itembottomshadow-100-98-3.png",lightboxshowdescription:false,width:360,showitembottomshadow:false,showhoveroverlayalways:false,navimage:"bullet-12-12-1.png",lightboxtitlebottomcss:"{color:#333; font-size:14px; font-family:Armata,sans-serif,Arial; overflow:hidden; text-align:left;}",lightboxshownavigation:false,lightboxnogroup:false,showitembackgroundimage:false,itembackgroundimage:"",backgroundimagewidth:110,playvideoimagepos:"center","
  [6]=>
  string(134) "                                                                                                                                 ^^^^^"
  [7]=>
  string(0) ""
  [8]=>
  string(165) "/var/www/html/razorbee/nagaraja/wp-content/mmr/357291d1-1510971004.js:1938: ERROR - Object literal contains illegal duplicate key "height", disallowed in strict mode"
  [9]=>
  string(518) "autoplay:true},fashion:{width:300,height:300,skinsfoldername:"",arrowhideonmouseleave:1E3,itembottomshadowimagetop:100,donotcrop:false,navheight:16,random:false,showhoveroverlay:false,height:300,arrowheight:60,itembackgroundimagewidth:100,skin:"fashion",responsive:true,bottomshadowimage:"bottomshadow-110-95-0.png",navstyle:"bullets",enabletouchswipe:true,backgroundimagetop:-40,arrowstyle:"mouseover",bottomshadowimagetop:95,transitionduration:1E3,lightboxshowtitle:true,hoveroverlayimage:"hoveroverlay-64-64-4.png","
  [10]=>
  string(190) "                                                                                                                                                                                        ^^^^^^"
  [11]=>
  string(0) ""
  [12]=>
  string(164) "/var/www/html/razorbee/nagaraja/wp-content/mmr/357291d1-1510971004.js:1939: ERROR - Object literal contains illegal duplicate key "width", disallowed in strict mode"
  [13]=>
  string(518) "itembottomshadowimage:"itembottomshadow-100-100-5.png",lightboxshowdescription:false,width:300,showitembottomshadow:false,showhoveroverlayalways:false,navimage:"bullet-16-16-1.png",lightboxtitlebottomcss:"{color:#333; font-size:14px; font-family:Armata,sans-serif,Arial; overflow:hidden; text-align:left;}",lightboxshownavigation:false,lightboxnogroup:false,showitembackgroundimage:false,itembackgroundimage:"",backgroundimagewidth:110,playvideoimagepos:"center",circular:true,continuous:false,continuousduration:2500,"
  [14]=>
  string(90) "                                                                                     ^^^^^"
  [15]=>
  string(0) ""
  [16]=>
  string(175) "/var/www/html/razorbee/nagaraja/wp-content/mmr/357291d1-1510971004.js:2017: ERROR - Object literal contains illegal duplicate key "background-color", disallowed in strict mode"
  [17]=>
  string(528) ""float":"left"});inst.$elemData.css({position:"relative",overflow:"hidden",padding:inst.options.bordersize+"px"})}else{inst.$elemWrap.css({position:"relative",overflow:"hidden"});inst.$elemData.css({position:"relative","float":"left",padding:inst.options.bordersize+"px"})}}else if(inst.options.titlestyle=="inside"){inst.$elemData.css({position:"absolute",margin:inst.options.bordersize+"px",bottom:0,left:0,"background-color":"#333","background-color":"rgba(51, 51, 51, 0.6)"});inst.$text.css({padding:inst.options.bordersize+"
  [18]=>
  string(453) "                                                                                                                                                                                                                                                                                                                                                                                                                                                   ^^^^^^^^^^^^^^^^^^"
  [19]=>
  string(0) ""
  [20]=>
  string(24) "5 error(s), 0 warning(s)"
}
