2018-04-05T09:02:06+00:00 - MERGED:
 - bootstrap - http://localhost/razorbee/nagaraja/wp-content/plugins/easy-bootstrap-shortcodes/js/bootstrap.min.js
 - contact-form-7 - http://localhost/razorbee/nagaraja/wp-content/plugins/contact-form-7/includes/js/scripts.js
 - slick-main - http://localhost/razorbee/nagaraja/wp-content/plugins/wp-carousel-free/assets/js/slick.min.js
 - jetpack-carousel - http://localhost/razorbee/nagaraja/wp-content/plugins/slimjetpack/modules/carousel/jetpack-carousel.js
 - owl-carousel - http://localhost/razorbee/nagaraja/wp-content/themes/razorbee/js/owl.carousel.min.js
 - superslides - http://localhost/razorbee/nagaraja/wp-content/themes/razorbee/js/jquery.superslides.min.js
 - simple-text-rotator - http://localhost/razorbee/nagaraja/wp-content/themes/razorbee/js/jquery.simple-text-rotator.min.js
 - nominee-count-to - http://localhost/razorbee/nagaraja/wp-content/themes/razorbee/js/jquery.countTo.min.js
 - coundown-timer - http://localhost/razorbee/nagaraja/wp-content/themes/razorbee/js/coundown-timer.min.js
 - shuffle - http://localhost/razorbee/nagaraja/wp-content/themes/razorbee/js/jquery.shuffle.min.js
 - smoothscroll - http://localhost/razorbee/nagaraja/wp-content/themes/razorbee/js/smoothscroll.min.js
 - inview - http://localhost/razorbee/nagaraja/wp-content/themes/razorbee/js/jquery.inview.min.js
 - easing - http://localhost/razorbee/nagaraja/wp-content/themes/razorbee/js/jquery.easing.min.js
 - twitter-fetcher - http://localhost/razorbee/nagaraja/wp-content/themes/razorbee/js/twitter-fetcher.min.js
 - magnific-popup - http://localhost/razorbee/nagaraja/wp-content/themes/razorbee/js/magnific-popup.min.js
 - placeholder - http://localhost/razorbee/nagaraja/wp-content/themes/razorbee/js/jquery.placeholder.min.js
 - news-ticker - http://localhost/razorbee/nagaraja/wp-content/themes/razorbee/js/jquery.news-ticker.min.js
 - flicker-photo - http://localhost/razorbee/nagaraja/wp-content/themes/razorbee/js/flicker-photo.min.js
 - flexslider - http://localhost/razorbee/nagaraja/wp-content/plugins/js_composer/assets/lib/bower/flexslider/jquery.flexslider-min.js
 - nominee-scripts - http://localhost/razorbee/nagaraja/wp-content/themes/razorbee/js/scripts.js?2.1.02236
 - wp-embed - /wp-includes/js/wp-embed.min.js - unminified version used
 - wpb_composer_front_js - http://localhost/razorbee/nagaraja/wp-content/plugins/js_composer/assets/js/dist/js_composer_front.min.js
 - vc_jquery_skrollr_js - http://localhost/razorbee/nagaraja/wp-content/plugins/js_composer/assets/lib/bower/skrollr/dist/skrollr.min.js
2018-04-05T09:02:17+00:00 - COMPRESSING JS WITH CLOSURE
2018-04-05T09:02:31+00:00 - COMPRESSION COMPLETE - 56.69K saved
